Removed Pin From Net: NetName=GPIO32 Pin=JP2-1
Removed Pin From Net: NetName=GPIO18 Pin=JP2-2
Removed Pin From Net: NetName=GPIO8 Pin=JP2-3
Removed Pin From Net: NetName=GPIO4 Pin=JP2-4
Removed Pin From Net: NetName=GPIO3 Pin=JP2-5
Removed Pin From Net: NetName=GPIO2 Pin=JP2-6
Removed Pin From Net: NetName=GPIO1 Pin=JP2-7
Removed Pin From Net: NetName=GPIO0 Pin=JP2-8
Removed Pin From Net: NetName=GPIO23 Pin=JP2-9
Removed Pin From Net: NetName=GPIO22 Pin=JP2-10
Removed Pin From Net: NetName=GPIO7 Pin=JP2-11
Removed Pin From Net: NetName=GPIO5 Pin=JP2-12
Removed Pin From Net: NetName=GPIO9 Pin=JP2-13
Removed Pin From Net: NetName=GPIO6 Pin=JP2-14
Removed Pin From Net: NetName=GPIO29 Pin=JP2-15
Removed Pin From Net: NetName=GPIO28 Pin=JP2-16
Removed Pin From Net: NetName=B2 Pin=JP2-17
Removed Pin From Net: NetName=B3 Pin=JP2-18
Added Pin To Net: NetName=GPIO32 Pin=JP2-2
Added Pin To Net: NetName=GPIO8 Pin=JP2-4
Added Pin To Net: NetName=GPIO3 Pin=JP2-6
Added Pin To Net: NetName=GPIO1 Pin=JP2-8
Added Pin To Net: NetName=GPIO23 Pin=JP2-10
Added Pin To Net: NetName=GPIO7 Pin=JP2-12
Added Pin To Net: NetName=GPIO9 Pin=JP2-14
Added Pin To Net: NetName=GPIO29 Pin=JP2-16
Added Pin To Net: NetName=B2 Pin=JP2-18
Added Room: Name=F280041
