Removed Pin From Net: NetName=+5 Pin=JP?-1
Removed Pin From Net: NetName=GND Pin=JP?-2
Removed Pin From Net: NetName=GPIO32 Pin=JP?-3
Removed Pin From Net: NetName=GPIO18 Pin=JP?-4
Removed Pin From Net: NetName=GPIO8 Pin=JP?-5
Removed Pin From Net: NetName=GPIO4 Pin=JP?-6
Removed Pin From Net: NetName=GPIO3 Pin=JP?-7
Removed Pin From Net: NetName=GPIO2 Pin=JP?-8
Removed Pin From Net: NetName=GPIO1 Pin=JP?-9
Removed Pin From Net: NetName=GPIO0 Pin=JP?-10
Removed Pin From Net: NetName=GPIO23 Pin=JP?-11
Removed Pin From Net: NetName=GPIO22 Pin=JP?-12
Removed Pin From Net: NetName=GPIO7 Pin=JP?-13
Removed Pin From Net: NetName=GPIO5 Pin=JP?-14
Removed Pin From Net: NetName=GPIO9 Pin=JP?-15
Removed Pin From Net: NetName=GPIO11 Pin=JP?-16
Removed Pin From Net: NetName=GPIO6 Pin=JP?-17
Removed Pin From Net: NetName=GPIO29 Pin=JP?-18
Removed Pin From Net: NetName=GPIO28 Pin=JP?-19
Removed Pin From Net: NetName=B2 Pin=JP?-20
Removed Pin From Net: NetName=B3 Pin=JP?-21
Removed Pin From Net: NetName=A2 Pin=JP?-22
Removed Member From Class: ClassName=F280041 Member=JP?
Added Component: Designator=JP2(HDR2.54-LI-2x11P)
Add component (AddParameter): Name = "BOM名称"; Value = "11*2P接插件"; VariantName = "[No Variations]"
Add component (AddParameter): Name = "封装库来自淘宝卖家 ID：黄晶宝石"; Value = "其他店铺购入均为盗版假冒封装库"; VariantName = "[No Variations]"
Add component (AddParameter): Name = "联系卖家，免费查找封装"; Value = "唯一出售店铺网址https://shop463601444.taobao.com"; VariantName = "[No Variations]"
Added Component: Designator=JP3(HDR2.54-LI-2x11P)
Add component (AddParameter): Name = "BOM名称"; Value = "11*2P接插件"; VariantName = "[No Variations]"
Add component (AddParameter): Name = "封装库来自淘宝卖家 ID：黄晶宝石"; Value = "其他店铺购入均为盗版假冒封装库"; VariantName = "[No Variations]"
Add component (AddParameter): Name = "联系卖家，免费查找封装"; Value = "唯一出售店铺网址https://shop463601444.taobao.com"; VariantName = "[No Variations]"
Added Pin To Net: NetName=+5 Pin=JP2-1
Added Pin To Net: NetName=GND Pin=JP2-2
Added Pin To Net: NetName=+5 Pin=JP2-3
Added Pin To Net: NetName=GND Pin=JP2-4
Added Pin To Net: NetName=GPIO32 Pin=JP2-5
Added Pin To Net: NetName=GPIO18 Pin=JP2-6
Added Pin To Net: NetName=GPIO8 Pin=JP2-7
Added Pin To Net: NetName=GPIO4 Pin=JP2-8
Added Pin To Net: NetName=GPIO3 Pin=JP2-9
Added Pin To Net: NetName=GPIO2 Pin=JP2-10
Added Pin To Net: NetName=GPIO1 Pin=JP2-11
Added Pin To Net: NetName=GPIO0 Pin=JP2-12
Added Pin To Net: NetName=GPIO23 Pin=JP2-13
Added Pin To Net: NetName=GPIO22 Pin=JP2-14
Added Pin To Net: NetName=GPIO7 Pin=JP2-15
Added Pin To Net: NetName=GPIO5 Pin=JP2-16
Added Pin To Net: NetName=GPIO9 Pin=JP2-17
Added Pin To Net: NetName=GPIO6 Pin=JP2-18
Added Pin To Net: NetName=GPIO28 Pin=JP2-20
Added Pin To Net: NetName=B2 Pin=JP2-21
Added Pin To Net: NetName=B3 Pin=JP2-22
Added Pin To Net: NetName=VDD3.3 Pin=JP3-1
Added Pin To Net: NetName=GND Pin=JP3-2
Added Pin To Net: NetName=VDD3.3 Pin=JP3-3
Added Pin To Net: NetName=GND Pin=JP3-4
Added Pin To Net: NetName=A2 Pin=JP3-5
Added Pin To Net: NetName=C0 Pin=JP3-6
Added Pin To Net: NetName=C2 Pin=JP3-7
Added Pin To Net: NetName=A1 Pin=JP3-8
Added Pin To Net: NetName=A0 Pin=JP3-9
Added Pin To Net: NetName=C1 Pin=JP3-10
Added Pin To Net: NetName=C3 Pin=JP3-11
Added Pin To Net: NetName=A4 Pin=JP3-12
Added Pin To Net: NetName=B4 Pin=JP3-13
Added Pin To Net: NetName=A10 Pin=JP3-14
Added Pin To Net: NetName=GPIO13 Pin=JP3-15
Added Pin To Net: NetName=GPIO12 Pin=JP3-16
Added Pin To Net: NetName=GPIO11 Pin=JP3-17
Added Pin To Net: NetName=GPIO33 Pin=JP3-18
Added Pin To Net: NetName=GPIO16 Pin=JP3-19
Added Pin To Net: NetName=GPIO17 Pin=JP3-20
Added Pin To Net: NetName=GPIO24 Pin=JP3-21
Added Pin To Net: NetName=GND Pin=JP3-22
Added Pin To Net: NetName=GPI29 Pin=JP2-19
Added Net: Name=GPI29
Added Member To Class: ClassName=F280041 Member=Component JP2 Header 2X11
Added Member To Class: ClassName=F280041 Member=Component JP3 Header 2X11
