Removed Pin From Net: NetName=A2 Pin=JP3-5
Removed Pin From Net: NetName=C0 Pin=JP3-6
Removed Pin From Net: NetName=C2 Pin=JP3-7
Removed Pin From Net: NetName=A1 Pin=JP3-8
Removed Pin From Net: NetName=A0 Pin=JP3-9
Removed Pin From Net: NetName=C1 Pin=JP3-10
Removed Pin From Net: NetName=C3 Pin=JP3-11
Removed Pin From Net: NetName=A4 Pin=JP3-12
Removed Pin From Net: NetName=B4 Pin=JP3-13
Removed Pin From Net: NetName=A10 Pin=JP3-14
Removed Pin From Net: NetName=GPIO13 Pin=JP3-15
Removed Pin From Net: NetName=GPIO12 Pin=JP3-16
Removed Pin From Net: NetName=GPIO11 Pin=JP3-17
Removed Pin From Net: NetName=GPIO33 Pin=JP3-18
Removed Pin From Net: NetName=GPIO16 Pin=JP3-19
Removed Pin From Net: NetName=GPIO17 Pin=JP3-20
Removed Pin From Net: NetName=GPIO24 Pin=JP3-21
Removed Pin From Net: NetName=GND Pin=JP3-22
Added Pin To Net: NetName=A2 Pin=JP3-6
Added Pin To Net: NetName=A1 Pin=JP3-7
Added Pin To Net: NetName=C2 Pin=JP3-8
Added Pin To Net: NetName=C1 Pin=JP3-9
Added Pin To Net: NetName=A0 Pin=JP3-10
Added Pin To Net: NetName=A4 Pin=JP3-11
Added Pin To Net: NetName=C3 Pin=JP3-12
Added Pin To Net: NetName=A10 Pin=JP3-13
Added Pin To Net: NetName=B4 Pin=JP3-14
Added Pin To Net: NetName=GPIO12 Pin=JP3-15
Added Pin To Net: NetName=GPIO13 Pin=JP3-16
Added Pin To Net: NetName=GPIO33 Pin=JP3-17
Added Pin To Net: NetName=GPIO11 Pin=JP3-18
Added Pin To Net: NetName=GPIO17 Pin=JP3-19
Added Pin To Net: NetName=GPIO16 Pin=JP3-20
Added Pin To Net: NetName=GND Pin=JP3-21
Added Pin To Net: NetName=GPIO24 Pin=JP3-22
Added Room: Name=F280041
