Removed Pin From Net: NetName=+5 Pin=JP2-1
Removed Pin From Net: NetName=GND Pin=JP2-2
Removed Pin From Net: NetName=+5 Pin=JP2-3
Removed Pin From Net: NetName=GND Pin=JP2-4
Removed Pin From Net: NetName=GPIO32 Pin=JP2-5
Removed Pin From Net: NetName=GPIO18 Pin=JP2-6
Removed Pin From Net: NetName=GPIO8 Pin=JP2-7
Removed Pin From Net: NetName=GPIO4 Pin=JP2-8
Removed Pin From Net: NetName=GPIO3 Pin=JP2-9
Removed Pin From Net: NetName=GPIO2 Pin=JP2-10
Removed Pin From Net: NetName=GPIO1 Pin=JP2-11
Removed Pin From Net: NetName=GPIO0 Pin=JP2-12
Removed Pin From Net: NetName=GPIO23 Pin=JP2-13
Removed Pin From Net: NetName=GPIO22 Pin=JP2-14
Removed Pin From Net: NetName=GPIO7 Pin=JP2-15
Removed Pin From Net: NetName=GPIO5 Pin=JP2-16
Removed Pin From Net: NetName=GPIO9 Pin=JP2-17
Removed Pin From Net: NetName=GPIO6 Pin=JP2-18
Removed Pin From Net: NetName=GPIO29 Pin=JP2-19
Removed Pin From Net: NetName=GPIO28 Pin=JP2-20
Removed Pin From Net: NetName=B2 Pin=JP2-21
Removed Pin From Net: NetName=B3 Pin=JP2-22
Added Pin To Net: NetName=GPIO32 Pin=JP2-1
Added Pin To Net: NetName=GPIO18 Pin=JP2-2
Added Pin To Net: NetName=GPIO8 Pin=JP2-3
Added Pin To Net: NetName=GPIO4 Pin=JP2-4
Added Pin To Net: NetName=GPIO3 Pin=JP2-5
Added Pin To Net: NetName=GPIO2 Pin=JP2-6
Added Pin To Net: NetName=GPIO1 Pin=JP2-7
Added Pin To Net: NetName=GPIO0 Pin=JP2-8
Added Pin To Net: NetName=GPIO23 Pin=JP2-9
Added Pin To Net: NetName=GPIO22 Pin=JP2-10
Added Pin To Net: NetName=GPIO7 Pin=JP2-11
Added Pin To Net: NetName=GPIO5 Pin=JP2-12
Added Pin To Net: NetName=GPIO9 Pin=JP2-13
Added Pin To Net: NetName=GPIO6 Pin=JP2-14
Added Pin To Net: NetName=GPIO29 Pin=JP2-15
Added Pin To Net: NetName=GPIO28 Pin=JP2-16
Added Pin To Net: NetName=B2 Pin=JP2-17
Added Pin To Net: NetName=B3 Pin=JP2-18
Added Pin To Net: NetName=+5 Pin=JP2-19
Added Pin To Net: NetName=GND Pin=JP2-20
Added Pin To Net: NetName=+5 Pin=JP2-21
Added Pin To Net: NetName=GND Pin=JP2-22
Added Member To Class: ClassName=F280041 Member=Component C1 10uF
Added Member To Class: ClassName=F280041 Member=Component C2 104
Added Member To Class: ClassName=F280041 Member=Component C3 10UF
Added Member To Class: ClassName=F280041 Member=Component JP2 Header 2X11
Added Member To Class: ClassName=F280041 Member=Component LED1 ºìÉ«
Added Member To Class: ClassName=F280041 Member=Component R1 10K
Added Member To Class: ClassName=F280041 Member=Component R2 10K
Added Member To Class: ClassName=F280041 Member=Component R3 4.7K
Added Member To Class: ClassName=F280041 Member=Component R4 4.7K
Added Member To Class: ClassName=F280041 Member=Component R5 4.7K
Added Member To Class: ClassName=F280041 Member=Component R6 2.2K
Added Member To Class: ClassName=F280041 Member=Component R7 10K
Added Member To Class: ClassName=F280041 Member=Component R8 2.2k
Added Member To Class: ClassName=F280041 Member=Component R9 2.2k
Added Member To Class: ClassName=F280041 Member=Component R10 0
Added Member To Class: ClassName=F280041 Member=Component SW1 3x6x5
Added Member To Class: ClassName=F280041 Member=Component USB1 USB-5P
Added Room: Name=F280041
