Added Component: Designator=U1(QFN40P700X700X100_HS-57N)
Added Pin To Net: NetName=GPIO6 Pin=U1-1
Added Pin To Net: NetName=GPIO29 Pin=U1-2
Added Pin To Net: NetName=GPIO28 Pin=U1-3
Added Pin To Net: NetName=REST Pin=U1-4
Added Pin To Net: NetName=NetC3_1 Pin=U1-5
Added Pin To Net: NetName=B2 Pin=U1-6
Added Pin To Net: NetName=B3 Pin=U1-7
Added Pin To Net: NetName=A2 Pin=U1-8
Added Pin To Net: NetName=GND Pin=U1-9
Added Pin To Net: NetName=C0 Pin=U1-10
Added Pin To Net: NetName=C2 Pin=U1-11
Added Pin To Net: NetName=A1 Pin=U1-12
Added Pin To Net: NetName=A0 Pin=U1-13
Added Pin To Net: NetName=NetC1_1 Pin=U1-14
Added Pin To Net: NetName=GND Pin=U1-15
Added Pin To Net: NetName=C1 Pin=U1-16
Added Pin To Net: NetName=C3 Pin=U1-17
Added Pin To Net: NetName=GND Pin=U1-18
Added Pin To Net: NetName=GND Pin=U1-19
Added Pin To Net: NetName=NetC10_2 Pin=U1-20
Added Pin To Net: NetName=A4 Pin=U1-21
Added Pin To Net: NetName=B4 Pin=U1-22
Added Pin To Net: NetName=A10 Pin=U1-23
Added Pin To Net: NetName=NetC3_1 Pin=U1-24
Added Pin To Net: NetName=VDD3.3 Pin=U1-25
Added Pin To Net: NetName=GPIO13 Pin=U1-26
Added Pin To Net: NetName=GPIO12 Pin=U1-27
Added Pin To Net: NetName=GPIO11 Pin=U1-28
Added Pin To Net: NetName=GPIO33 Pin=U1-29
Added Pin To Net: NetName=GPIO16 Pin=U1-30
Added Pin To Net: NetName=GPIO17 Pin=U1-31
Added Pin To Net: NetName=GPIO24 Pin=U1-32
Added Pin To Net: NetName=TCK Pin=U1-33
Added Pin To Net: NetName=TDO Pin=U1-34
Added Pin To Net: NetName=TMS Pin=U1-35
Added Pin To Net: NetName=TDI Pin=U1-36
Added Pin To Net: NetName=GPIO32 Pin=U1-37
Added Pin To Net: NetName=GPIO18 Pin=U1-38
Added Pin To Net: NetName=NetJ1_3 Pin=U1-39
Added Pin To Net: NetName=VDD3.3 Pin=U1-40
Added Pin To Net: NetName=NetC3_1 Pin=U1-41
Added Pin To Net: NetName=GPIO8 Pin=U1-42
Added Pin To Net: NetName=GPIO4 Pin=U1-43
Added Pin To Net: NetName=GPIO3 Pin=U1-44
Added Pin To Net: NetName=GPIO2 Pin=U1-45
Added Pin To Net: NetName=GPIO1 Pin=U1-46
Added Pin To Net: NetName=GPIO0 Pin=U1-47
Added Pin To Net: NetName=VDD3.3 Pin=U1-48
Added Pin To Net: NetName=GPIO23 Pin=U1-49
Added Pin To Net: NetName=GND Pin=U1-50
Added Pin To Net: NetName=GPIO22 Pin=U1-51
Added Pin To Net: NetName=GPIO7 Pin=U1-52
Added Pin To Net: NetName=NetC3_1 Pin=U1-53
Added Pin To Net: NetName=VDD3.3 Pin=U1-54
Added Pin To Net: NetName=GPIO5 Pin=U1-55
Added Pin To Net: NetName=GPIO9 Pin=U1-56
Added Member To Class: ClassName=F280041 Member=Component U1 F280041_V1
Added Room: Name=F280041
